android/app/build/outputs/mapping/release/seeds.txt
com.webtroops.neuracardia_ai.MainActivity
com.webtroops.neuracardia_ai.MainActivity: MainActivity()
...
kotlinx.coroutines.channels.BufferedChannel: java.lang.Object closeHandler
com.google.android.gms.internal.firebase-auth-api.zzago: int zzd
com.google.android.gms.internal.firebase-auth-api.zzfa$zzb: com.google.android.gms.internal.firebase-auth-api.zzfa$zzb zzb
com.google.android.recaptcha.internal.zzkx: java.lang.Iterable zzb
com.google.android.recaptcha.internal.zzjt: long[] zzb
androidx.lifecycle.Lifecycle$Event: androidx.lifecycle.Lifecycle$Event ON_DESTROY
com.google.android.recaptcha.internal.zzl: com.google.android.recaptcha.internal.zzl zzG
com.google.android.gms.internal.firebase-auth-api.zzfx: com.google.android.gms.internal.firebase-auth-api.zzbh zzd
com.google.android.recaptcha.internal.zzkh: int zze
com.google.android.gms.common.internal.BaseGmsClient: int zzy
com.google.android.gms.internal.firebase-auth-api.zzcx: java.lang.String zzh
androidx.transition.ChangeBounds$7: androidx.transition.ChangeBounds$ViewBounds mViewBounds
com.google.android.gms.internal.firebase-auth-api.zzaw: java.lang.Object zza
com.google.android.gms.internal.firebase-auth-api.zzago: java.lang.String zza
com.google.android.gms.internal.firebase-auth-api.zzcc: com.google.android.gms.internal.firebase-auth-api.zzvh$zzb zza
com.google.android.gms.internal.firebase-auth-api.zzafb: long zzj
com.google.android.recaptcha.internal.zzdh: com.google.android.recaptcha.internal.zzdh zza
com.google.android.gms.internal.firebase-auth-api.zzajz: com.google.android.gms.internal.firebase-auth-api.zzajz zza
com.google.android.gms.internal.firebase-auth-api.zzaip: com.google.android.gms.internal.firebase-auth-api.zzaip zza
com.google.android.recaptcha.internal.zzbg: com.google.android.recaptcha.internal.zzab zzc
com.google.android.gms.common.api.internal.LifecycleCallback: com.google.android.gms.common.api.internal.LifecycleFragment mLifecycleFragment
io.flutter.embedding.engine.renderer.FlutterRenderer$ImageReaderSurfaceProducer: long lastQueueTime
com.google.android.recaptcha.internal.zzgy: byte[] zze
com.google.android.gms.internal.firebase-auth-api.zzzb: com.google.android.gms.internal.firebase-auth-api.zzacf zze
kotlinx.coroutines.internal.LockFreeTaskQueueCore: long _state
com.google.android.gms.internal.firebase-auth-api.zzaec: java.util.Map zzb
com.google.android.gms.internal.firebase-auth-api.zzix: com.google.android.gms.internal.firebase-auth-api.zzix zza
com.google.android.gms.internal.firebase-auth-api.zzzf: com.google.android.gms.internal.firebase-auth-api.zzags zzc
kotlinx.coroutines.flow.StateFlowSlot: java.lang.Object _state
com.google.android.gms.internal.firebase-auth-api.zzuj: com.google.android.gms.internal.firebase-auth-api.zzuj zza
com.google.android.recaptcha.internal.zzcl: java.util.HashMap zzc
com.google.android.gms.internal.firebase-auth-api.zzabr: long zzab
io.flutter.embedding.engine.renderer.FlutterRenderer$ImageReaderSurfaceProducer: io.flutter.embedding.engine.renderer.FlutterRenderer$ImageReaderSurfaceProducer$PerImageReader lastReaderDequeuedFrom
com.google.android.gms.internal.firebase-auth-api.zzoe: java.lang.Class zzb
com.google.android.gms.internal.firebase-auth-api.zztx: com.google.android.gms.internal.firebase-auth-api.zztx zzc
com.google.android.gms.internal.firebase-auth-api.zzuh: int[] zza
com.google.android.play.core.integrity.ar: com.google.android.play.core.integrity.ax c
io.flutter.plugin.platform.SingleViewPresentation: java.lang.String TAG
com.google.android.recaptcha.internal.zzbf: com.google.android.recaptcha.internal.zzbe zza
com.google.android.gms.internal.firebase-auth-api.zzaas: java.lang.String zzz
com.google.android.gms.internal.firebase-auth-api.zzajl: com.google.android.gms.internal.firebase-auth-api.zzajl zze
com.google.android.gms.internal.firebase-auth-api.zzyt: java.lang.String zzc
com.google.android.gms.internal.firebase-auth-api.zztk: com.google.android.gms.internal.firebase-auth-api.zztk zzc
com.google.android.recaptcha.internal.zzoe: int zzd
com.google.android.recaptcha.internal.zznu: int zzf