android/app/build/outputs/mapping/release/usage.txt
com.webtroops.neuracardia_ai.R$drawable
com.webtroops.neuracardia_ai.R$mipmap
com.webtroops.neuracardia_ai.R$style
com.webtroops.neuracardia_ai.R
com.webtroops.neuracardia_ai.MainActivity:
    private static void $r8$constructor$io$flutter$embedding$android$FlutterActivity()
    public final synthetic bridge boolean attachToEngineAutomatically()
    public static boolean attachToEngineAutomatically$io$flutter$embedding$android$FlutterActivity()
    public static void cancelBackGesture()
    public static void cancelBackGesture$io$flutter$embedding$android$FlutterActivity()
    public final synthetic bridge void cleanUpFlutterEngine()
    public static void cleanUpFlutterEngine$io$flutter$embedding$android$FlutterActivity()
    public static void commitBackGesture()
    public static void commitBackGesture$io$flutter$embedding$android$FlutterActivity()
    public final void configureFlutterEngine()
    public static void configureFlutterEngine$io$flutter$embedding$android$FlutterActivity()
    public static void configureStatusBarForFullscreenFlutterExperience()
    public static void configureStatusBarForFullscreenFlutterExperience$io$flutter$embedding$android$FlutterActivity()
    public static void configureWindowForTransparency()
    public static void configureWindowForTransparency$io$flutter$embedding$android$FlutterActivity()
    public static android.view.View createFlutterView()
    public static android.view.View createFlutterView$io$flutter$embedding$android$FlutterActivity()
    public static android.window.OnBackInvokedCallback createOnBackInvokedCallback()
...
androidx.lifecycle.CompositeGeneratedAdaptersObserver
androidx.lifecycle.DefaultLifecycleObserver$-CC
androidx.lifecycle.DefaultLifecycleObserver
androidx.lifecycle.DefaultLifecycleObserverAdapter:
    private static void $r8$constructor$androidx$lifecycle$DefaultLifecycleObserverAdapter()
    private static void $r8$constructor$androidx$lifecycle$ReflectiveGenericLifecycleObserver()
androidx.lifecycle.GeneratedAdapter:
    public abstract void callMethods()
androidx.lifecycle.Lifecycle$Event$Companion$WhenMappings
androidx.lifecycle.Lifecycle$Event$Companion:
    public static androidx.lifecycle.Lifecycle$Event downFrom()
androidx.lifecycle.Lifecycle$State:
    public final boolean isAtLeast(androidx.lifecycle.Lifecycle$State)
androidx.lifecycle.Lifecycle:
    public final java.util.concurrent.atomic.AtomicReference internalScopeRef
    public abstract androidx.lifecycle.Lifecycle$State getCurrentState()
androidx.lifecycle.LifecycleDispatcher:
    public static final androidx.lifecycle.LifecycleDispatcher INSTANCE
    public void <init>()
androidx.lifecycle.LifecycleRegistry$Companion
androidx.lifecycle.LifecycleRegistry$ObserverWithState:
    public static androidx.lifecycle.Lifecycle$State getState()
androidx.lifecycle.LifecycleRegistry:
    public static final com.google.firebase.heartbeatinfo.HeartBeatConsumerComponent$1 Companion
    public static void <clinit>()
    public static void backwardPass()
    public static void forwardPass()
    public final androidx.lifecycle.Lifecycle$State getCurrentState()
    public static boolean isSynced()
    public final void popParentState()
    public final void pushParentState(androidx.lifecycle.Lifecycle$State)
androidx.lifecycle.LifecycleRegistryOwner
androidx.lifecycle.Lifecycling:
    public static final androidx.lifecycle.Lifecycling INSTANCE
    public void <init>()
    public static java.lang.reflect.Constructor generatedConstructor()
    public static boolean isLifecycleParent(java.lang.Class)
    public static int resolveObserverCallbackType()
androidx.lifecycle.LiveData$1
androidx.lifecycle.LiveData$AlwaysActiveObserver:
    public final synthetic androidx.lifecycle.MutableLiveData this$0
    public final boolean shouldBeActive()
androidx.lifecycle.LiveData$LifecycleBoundObserver
androidx.lifecycle.LiveData$ObserverWrapper:
    public abstract void detachObserver()
    public abstract boolean shouldBeActive()
androidx.lifecycle.LiveData
androidx.lifecycle.MethodCallsLogger:
    private static void $r8$constructor$androidx$lifecycle$MethodCallsLogger()
    private static void $r8$constructor$io$flutter$embedding$engine$FlutterEngineCache()
    public static io.flutter.embedding.engine.FlutterEngine get()
    public static androidx.lifecycle.MethodCallsLogger getInstance()
    public static void put()
    public static void remove()
androidx.lifecycle.MutableLiveData:
    public final java.lang.Runnable mPostValueRunnable
    private static void $r8$constructor$androidx$lifecycle$LiveData()
    public static void changeActiveCounter()
    public static void changeActiveCounter$androidx$lifecycle$LiveData()
    public static void considerNotify$androidx$lifecycle$LiveData()
    public static void dispatchingValue$androidx$lifecycle$LiveData()
    public static void observeForever()
    public static void observeForever$androidx$lifecycle$LiveData()
    public static synthetic bridge void onActive()
    public static void onActive$androidx$lifecycle$LiveData()
    public static synthetic bridge void onInactive()
    public static void onInactive$androidx$lifecycle$LiveData()
    public static void removeObserver()
    public static void removeObserver$androidx$lifecycle$LiveData()
    public final void setValue(java.lang.Object)
    public static void setValue$androidx$lifecycle$LiveData()
androidx.lifecycle.Observer
androidx.lifecycle.ProcessLifecycleInitializer:
    public static androidx.lifecycle.LifecycleOwner create()